<?xml version="1.0" encoding="UTF-8"?>
<testsuite name="ru.stqa.pft.mantis.tests.RegistrationTests" tests="1" skipped="0" failures="1" errors="0" timestamp="2019-12-08T11:04:36" hostname="LAPTOP-1DCL0BJ6" time="5.941">
  <properties/>
  <testcase name="testRegistration" classname="ru.stqa.pft.mantis.tests.RegistrationTests" time="5.941">
    <failure message="java.lang.AssertionError: did not expect to find [true] but found [false]" type="java.lang.AssertionError">java.lang.AssertionError: did not expect to find [true] but found [false]
	at org.testng.Assert.fail(Assert.java:97)
	at org.testng.Assert.failNotEquals(Assert.java:969)
	at org.testng.Assert.assertTrue(Assert.java:43)
	at org.testng.Assert.assertTrue(Assert.java:53)
	at ru.stqa.pft.mantis.tests.RegistrationTests.testRegistration(RegistrationTests.java:33)
	at sun.reflect.NativeMethodAccessorImpl.invoke0(Native Method)
	at sun.reflect.NativeMethodAccessorImpl.invoke(NativeMethodAccessorImpl.java:62)
	at sun.reflect.DelegatingMethodAccessorImpl.invoke(DelegatingMethodAccessorImpl.java:43)
	at java.lang.reflect.Method.invoke(Method.java:498)
	at org.testng.internal.MethodInvocationHelper.invokeMethod(MethodInvocationHelper.java:133)
	at org.testng.internal.TestInvoker.invokeMethod(TestInvoker.java:584)
	at org.testng.internal.TestInvoker.invokeTestMethod(TestInvoker.java:172)
	at org.testng.internal.MethodRunner.runInSequence(MethodRunner.java:46)
	at org.testng.internal.TestInvoker$MethodInvocationAgent.invoke(TestInvoker.java:804)
	at org.testng.internal.TestInvoker.invokeTestMethods(TestInvoker.java:145)
	at org.testng.internal.TestMethodWorker.invokeTestMethods(TestMethodWorker.java:146)
	at org.testng.internal.TestMethodWorker.run(TestMethodWorker.java:128)
	at java.util.ArrayList.forEach(ArrayList.java:1257)
	at org.testng.TestRunner.privateRun(TestRunner.java:770)
	at org.testng.TestRunner.run(TestRunner.java:591)
	at org.testng.SuiteRunner.runTest(SuiteRunner.java:402)
	at org.testng.SuiteRunner.runSequentially(SuiteRunner.java:396)
	at org.testng.SuiteRunner.privateRun(SuiteRunner.java:355)
	at org.testng.SuiteRunner.run(SuiteRunner.java:304)
	at org.testng.SuiteRunnerWorker.runSuite(SuiteRunnerWorker.java:53)
	at org.testng.SuiteRunnerWorker.run(SuiteRunnerWorker.java:96)
	at org.testng.TestNG.runSuitesSequentially(TestNG.java:1180)
	at org.testng.TestNG.runSuitesLocally(TestNG.java:1102)
	at org.testng.TestNG.runSuites(TestNG.java:1032)
	at org.testng.TestNG.run(TestNG.java:1000)
	at org.gradle.api.internal.tasks.testing.testng.TestNGTestClassProcessor.runTests(TestNGTestClassProcessor.java:141)
	at org.gradle.api.internal.tasks.testing.testng.TestNGTestClassProcessor.stop(TestNGTestClassProcessor.java:90)
	at org.gradle.api.internal.tasks.testing.SuiteTestClassProcessor.stop(SuiteTestClassProcessor.java:61)
	at sun.reflect.NativeMethodAccessorImpl.invoke0(Native Method)
	at sun.reflect.NativeMethodAccessorImpl.invoke(NativeMethodAccessorImpl.java:62)
	at sun.reflect.DelegatingMethodAccessorImpl.invoke(DelegatingMethodAccessorImpl.java:43)
	at java.lang.reflect.Method.invoke(Method.java:498)
	at org.gradle.internal.dispatch.ReflectionDispatch.dispatch(ReflectionDispatch.java:35)
	at org.gradle.internal.dispatch.ReflectionDispatch.dispatch(ReflectionDispatch.java:24)
	at org.gradle.internal.dispatch.ContextClassLoaderDispatch.dispatch(ContextClassLoaderDispatch.java:32)
	at org.gradle.internal.dispatch.ProxyDispatchAdapter$DispatchingInvocationHandler.invoke(ProxyDispatchAdapter.java:93)
	at com.sun.proxy.$Proxy2.stop(Unknown Source)
	at org.gradle.api.internal.tasks.testing.worker.TestWorker.stop(TestWorker.java:132)
	at sun.reflect.NativeMethodAccessorImpl.invoke0(Native Method)
	at sun.reflect.NativeMethodAccessorImpl.invoke(NativeMethodAccessorImpl.java:62)
	at sun.reflect.DelegatingMethodAccessorImpl.invoke(DelegatingMethodAccessorImpl.java:43)
	at java.lang.reflect.Method.invoke(Method.java:498)
	at org.gradle.internal.dispatch.ReflectionDispatch.dispatch(ReflectionDispatch.java:35)
	at org.gradle.internal.dispatch.ReflectionDispatch.dispatch(ReflectionDispatch.java:24)
	at org.gradle.internal.remote.internal.hub.MessageHubBackedObjectConnection$DispatchWrapper.dispatch(MessageHubBackedObjectConnection.java:175)
	at org.gradle.internal.remote.internal.hub.MessageHubBackedObjectConnection$DispatchWrapper.dispatch(MessageHubBackedObjectConnection.java:157)
	at org.gradle.internal.remote.internal.hub.MessageHub$Handler.run(MessageHub.java:404)
	at org.gradle.internal.concurrent.ExecutorPolicy$CatchAndRecordFailures.onExecute(ExecutorPolicy.java:63)
	at org.gradle.internal.concurrent.ManagedExecutorImpl$1.run(ManagedExecutorImpl.java:46)
	at java.util.concurrent.ThreadPoolExecutor.runWorker(ThreadPoolExecutor.java:1149)
	at java.util.concurrent.ThreadPoolExecutor$Worker.run(ThreadPoolExecutor.java:624)
	at org.gradle.internal.concurrent.ThreadFactoryImpl$ManagedThreadRunnable.run(ThreadFactoryImpl.java:55)
	at java.lang.Thread.run(Thread.java:748)
</failure>
  </testcase>
  <system-out><![CDATA[14:04:36.050 [Test worker] DEBUG org.subethamail.smtp.server.CommandHandler - Added command: AUTH
14:04:36.053 [Test worker] DEBUG org.subethamail.smtp.server.CommandHandler - Added command: DATA
14:04:36.053 [Test worker] DEBUG org.subethamail.smtp.server.CommandHandler - Added command: EHLO
14:04:36.053 [Test worker] DEBUG org.subethamail.smtp.server.CommandHandler - Added command: HELO
14:04:36.053 [Test worker] DEBUG org.subethamail.smtp.server.CommandHandler - Added command: HELP
14:04:36.054 [Test worker] DEBUG org.subethamail.smtp.server.CommandHandler - Added command: MAIL
14:04:36.054 [Test worker] DEBUG org.subethamail.smtp.server.CommandHandler - Added command: NOOP
14:04:36.054 [Test worker] DEBUG org.subethamail.smtp.server.CommandHandler - Added command: QUIT
14:04:36.054 [Test worker] DEBUG org.subethamail.smtp.server.CommandHandler - Added command: RCPT
14:04:36.054 [Test worker] DEBUG org.subethamail.smtp.server.CommandHandler - Added command: RSET
14:04:36.054 [Test worker] DEBUG org.subethamail.smtp.server.CommandHandler - Added command: STARTTLS
14:04:36.054 [Test worker] DEBUG org.subethamail.smtp.server.CommandHandler - Added command: VRFY
14:04:36.054 [Test worker] INFO org.subethamail.smtp.server.SMTPServer - SMTP server *:25 starting
14:04:36.058 [org.subethamail.smtp.server.ServerThread *:25] INFO org.subethamail.smtp.server.ServerThread - SMTP server *:25 started
14:04:40.000 [org.subethamail.smtp.server.Session-/127.0.0.1:61153] DEBUG org.subethamail.smtp.server.Session - SMTP connection from 127.0.0.1/127.0.0.1, new connection count: 1
14:04:40.000 [org.subethamail.smtp.server.Session-/127.0.0.1:61153] DEBUG org.subethamail.smtp.server.Session - Server: 220 LAPTOP-1DCL0BJ6 ESMTP SubEthaSMTP 3.1.7
14:04:40.000 [org.subethamail.smtp.server.Session-/127.0.0.1:61153] DEBUG org.subethamail.smtp.server.Session - Client: HELO LAPTOP-1DCL0BJ6
14:04:40.001 [org.subethamail.smtp.server.Session-/127.0.0.1:61153] DEBUG org.subethamail.smtp.server.Session - Server: 250 LAPTOP-1DCL0BJ6
14:04:40.001 [org.subethamail.smtp.server.Session-/127.0.0.1:61153] DEBUG org.subethamail.smtp.server.Session - Client: MAIL FROM:<admin@example.com>
14:04:40.010 [org.subethamail.smtp.server.Session-/127.0.0.1:61153] DEBUG org.subethamail.smtp.server.Session - Server: 250 Ok
14:04:40.010 [org.subethamail.smtp.server.Session-/127.0.0.1:61153] DEBUG org.subethamail.smtp.server.Session - Client: RCPT TO:<user1575803076060@localhost.localdomain>
14:04:40.011 [org.subethamail.smtp.server.Session-/127.0.0.1:61153] DEBUG org.subethamail.wiser.Wiser - Accepting mail from admin@example.com to user1575803076060@localhost.localdomain
14:04:40.011 [org.subethamail.smtp.server.Session-/127.0.0.1:61153] DEBUG org.subethamail.smtp.server.Session - Server: 250 Ok
14:04:40.011 [org.subethamail.smtp.server.Session-/127.0.0.1:61153] DEBUG org.subethamail.smtp.server.Session - Client: DATA
14:04:40.011 [org.subethamail.smtp.server.Session-/127.0.0.1:61153] DEBUG org.subethamail.smtp.server.Session - Server: 354 End data with <CR><LF>.<CR><LF>
14:04:40.020 [org.subethamail.smtp.server.Session-/127.0.0.1:61153] DEBUG org.subethamail.wiser.Wiser - Delivering mail from admin@example.com to user1575803076060@localhost.localdomain
14:04:40.021 [org.subethamail.smtp.server.Session-/127.0.0.1:61153] DEBUG org.subethamail.wiser.Wiser - Creating message from data with 1223 bytes
14:04:40.022 [org.subethamail.smtp.server.Session-/127.0.0.1:61153] DEBUG org.subethamail.smtp.server.Session - Server: 250 Ok
14:04:40.023 [org.subethamail.smtp.server.Session-/127.0.0.1:61153] DEBUG org.subethamail.smtp.server.Session - Client: QUIT
14:04:40.023 [org.subethamail.smtp.server.Session-/127.0.0.1:61153] DEBUG org.subethamail.smtp.server.Session - Server: 221 Bye
14:04:40.035 [org.subethamail.smtp.server.Session-/127.0.0.1:61154] DEBUG org.subethamail.smtp.server.Session - SMTP connection from 127.0.0.1/127.0.0.1, new connection count: 1
14:04:40.035 [org.subethamail.smtp.server.Session-/127.0.0.1:61154] DEBUG org.subethamail.smtp.server.Session - Server: 220 LAPTOP-1DCL0BJ6 ESMTP SubEthaSMTP 3.1.7
14:04:40.036 [org.subethamail.smtp.server.Session-/127.0.0.1:61154] DEBUG org.subethamail.smtp.server.Session - Client: HELO LAPTOP-1DCL0BJ6
14:04:40.036 [org.subethamail.smtp.server.Session-/127.0.0.1:61154] DEBUG org.subethamail.smtp.server.Session - Server: 250 LAPTOP-1DCL0BJ6
14:04:40.036 [org.subethamail.smtp.server.Session-/127.0.0.1:61154] DEBUG org.subethamail.smtp.server.Session - Client: MAIL FROM:<admin@example.com>
14:04:40.036 [org.subethamail.smtp.server.Session-/127.0.0.1:61154] DEBUG org.subethamail.smtp.server.Session - Server: 250 Ok
14:04:40.037 [org.subethamail.smtp.server.Session-/127.0.0.1:61154] DEBUG org.subethamail.smtp.server.Session - Client: RCPT TO:<root@localhost>
14:04:40.037 [org.subethamail.smtp.server.Session-/127.0.0.1:61154] DEBUG org.subethamail.wiser.Wiser - Accepting mail from admin@example.com to root@localhost
14:04:40.037 [org.subethamail.smtp.server.Session-/127.0.0.1:61154] DEBUG org.subethamail.smtp.server.Session - Server: 250 Ok
14:04:40.037 [org.subethamail.smtp.server.Session-/127.0.0.1:61154] DEBUG org.subethamail.smtp.server.Session - Client: DATA
14:04:40.037 [org.subethamail.smtp.server.Session-/127.0.0.1:61154] DEBUG org.subethamail.smtp.server.Session - Server: 354 End data with <CR><LF>.<CR><LF>
14:04:40.038 [org.subethamail.smtp.server.Session-/127.0.0.1:61154] DEBUG org.subethamail.wiser.Wiser - Delivering mail from admin@example.com to root@localhost
14:04:40.039 [org.subethamail.smtp.server.Session-/127.0.0.1:61154] DEBUG org.subethamail.wiser.Wiser - Creating message from data with 939 bytes
14:04:40.039 [org.subethamail.smtp.server.Session-/127.0.0.1:61154] DEBUG org.subethamail.smtp.server.Session - Server: 250 Ok
14:04:40.039 [org.subethamail.smtp.server.Session-/127.0.0.1:61154] DEBUG org.subethamail.smtp.server.Session - Client: QUIT
14:04:40.039 [org.subethamail.smtp.server.Session-/127.0.0.1:61154] DEBUG org.subethamail.smtp.server.Session - Server: 221 Bye
14:04:42.004 [Test worker] INFO org.subethamail.smtp.server.SMTPServer - SMTP server *:25 stopping
14:04:42.004 [Test worker] DEBUG org.subethamail.smtp.server.ServerThread - SMTP Server socket shut down
14:04:42.004 [org.subethamail.smtp.server.ServerThread *:25] INFO org.subethamail.smtp.server.ServerThread - SMTP server *:25 stopped
]]></system-out>
  <system-err><![CDATA[Starting ChromeDriver 77.0.3865.40 (f484704e052e0b556f8030b65b953dce96503217-refs/branch-heads/3865@{#442}) on port 17161
Only local connections are allowed.
Please protect ports used by ChromeDriver and related test frameworks to prevent access by malicious code.
[1575803077.891][WARNING]: This version of ChromeDriver has not been tested with Chrome version 78.
дек 08, 2019 2:04:38 PM org.openqa.selenium.remote.ProtocolHandshake createSession
INFO: Detected dialect: W3C
]]></system-err>
</testsuite>
