{
  "uid" : "905257cf661185d0",
  "name" : "testContactModification",
  "fullName" : "Suite1.testContactModification",
  "historyId" : "a4ab7155780053574631e678ae6ae0a1",
  "time" : {
    "start" : 1576433973706,
    "stop" : 1576433987874,
    "duration" : 14168
  },
  "description" : "",
  "descriptionHtml" : "",
  "status" : "failed",
  "statusMessage" : "AssertionError: \nExpected: <[ContactData{id=170, firstname='modifyfirstname', middlename='modifymiddlename', lastname='lastname', homephone='homephone', mobilephone='mobilephone', workphone='workphone', email='email', email2='null', email3='null'}, ContactData{id=171, firstname='Firstname 1', middlename='Middlename 1', lastname='Lastname 1', homephone='Homephone 1', mobilephone='Mobilephone 1', workphone='', email='email 1', email2='null', email3='null'}, ContactData{id=169, firstname='modifyfirstname', middlename='modifymiddlename', lastname='lastname', homephone='homephone', mobilephone='mobilephone', workphone='', email='email', email2='null', email3='null'}, ContactData{id=168, firstname='Firstname 0', middlename='Middlename 0', lastname='Lastname 0', homephone='Homephone 0', mobilephone='Mobilephone 0', workphone='', email='email 0', email2='null', email3='null'}]>\n     but: was <[ContactData{id=170, firstname='modifyfirstname', middlename='modifymiddlename', lastname='lastname', homephone='homephone', mobilephone='mobilephone', workphone='', email='email', email2='null', email3='null'}, ContactData{id=171, firstname='Firstname 1', middlename='Middlename 1', lastname='Lastname 1', homephone='Homephone 1', mobilephone='Mobilephone 1', workphone='', email='email 1', email2='null', email3='null'}, ContactData{id=169, firstname='modifyfirstname', middlename='modifymiddlename', lastname='lastname', homephone='homephone', mobilephone='mobilephone', workphone='', email='email', email2='null', email3='null'}, ContactData{id=168, firstname='Firstname 0', middlename='Middlename 0', lastname='Lastname 0', homephone='Homephone 0', mobilephone='Mobilephone 0', workphone='', email='email 0', email2='null', email3='null'}]>",
  "statusTrace" : "java.lang.AssertionError: \nExpected: <[ContactData{id=170, firstname='modifyfirstname', middlename='modifymiddlename', lastname='lastname', homephone='homephone', mobilephone='mobilephone', workphone='workphone', email='email', email2='null', email3='null'}, ContactData{id=171, firstname='Firstname 1', middlename='Middlename 1', lastname='Lastname 1', homephone='Homephone 1', mobilephone='Mobilephone 1', workphone='', email='email 1', email2='null', email3='null'}, ContactData{id=169, firstname='modifyfirstname', middlename='modifymiddlename', lastname='lastname', homephone='homephone', mobilephone='mobilephone', workphone='', email='email', email2='null', email3='null'}, ContactData{id=168, firstname='Firstname 0', middlename='Middlename 0', lastname='Lastname 0', homephone='Homephone 0', mobilephone='Mobilephone 0', workphone='', email='email 0', email2='null', email3='null'}]>\n     but: was <[ContactData{id=170, firstname='modifyfirstname', middlename='modifymiddlename', lastname='lastname', homephone='homephone', mobilephone='mobilephone', workphone='', email='email', email2='null', email3='null'}, ContactData{id=171, firstname='Firstname 1', middlename='Middlename 1', lastname='Lastname 1', homephone='Homephone 1', mobilephone='Mobilephone 1', workphone='', email='email 1', email2='null', email3='null'}, ContactData{id=169, firstname='modifyfirstname', middlename='modifymiddlename', lastname='lastname', homephone='homephone', mobilephone='mobilephone', workphone='', email='email', email2='null', email3='null'}, ContactData{id=168, firstname='Firstname 0', middlename='Middlename 0', lastname='Lastname 0', homephone='Homephone 0', mobilephone='Mobilephone 0', workphone='', email='email 0', email2='null', email3='null'}]>\n\tat org.hamcrest.MatcherAssert.assertThat(MatcherAssert.java:20)\n\tat org.hamcrest.MatcherAssert.assertThat(MatcherAssert.java:6)\n\tat ru.stqa.pft.addressbook.tests.contacttests.ContactModificationTests.testContactModification(ContactModificationTests.java:49)\n\tat sun.reflect.NativeMethodAccessorImpl.invoke0(Native Method)\n\tat sun.reflect.NativeMethodAccessorImpl.invoke(NativeMethodAccessorImpl.java:62)\n\tat sun.reflect.DelegatingMethodAccessorImpl.invoke(DelegatingMethodAccessorImpl.java:43)\n\tat java.lang.reflect.Method.invoke(Method.java:498)\n\tat org.testng.internal.MethodInvocationHelper.invokeMethod(MethodInvocationHelper.java:133)\n\tat org.testng.internal.TestInvoker.invokeMethod(TestInvoker.java:584)\n\tat org.testng.internal.TestInvoker.invokeTestMethod(TestInvoker.java:172)\n\tat org.testng.internal.MethodRunner.runInSequence(MethodRunner.java:46)\n\tat org.testng.internal.TestInvoker$MethodInvocationAgent.invoke(TestInvoker.java:804)\n\tat org.testng.internal.TestInvoker.invokeTestMethods(TestInvoker.java:145)\n\tat org.testng.internal.TestMethodWorker.invokeTestMethods(TestMethodWorker.java:146)\n\tat org.testng.internal.TestMethodWorker.run(TestMethodWorker.java:128)\n\tat java.util.ArrayList.forEach(ArrayList.java:1257)\n\tat org.testng.TestRunner.privateRun(TestRunner.java:770)\n\tat org.testng.TestRunner.run(TestRunner.java:591)\n\tat org.testng.SuiteRunner.runTest(SuiteRunner.java:402)\n\tat org.testng.SuiteRunner.runSequentially(SuiteRunner.java:396)\n\tat org.testng.SuiteRunner.privateRun(SuiteRunner.java:355)\n\tat org.testng.SuiteRunner.run(SuiteRunner.java:304)\n\tat org.testng.SuiteRunnerWorker.runSuite(SuiteRunnerWorker.java:53)\n\tat org.testng.SuiteRunnerWorker.run(SuiteRunnerWorker.java:96)\n\tat org.testng.TestNG.runSuitesSequentially(TestNG.java:1180)\n\tat org.testng.TestNG.runSuitesLocally(TestNG.java:1102)\n\tat org.testng.TestNG.runSuites(TestNG.java:1032)\n\tat org.testng.TestNG.run(TestNG.java:1000)\n\tat org.gradle.api.internal.tasks.testing.testng.TestNGTestClassProcessor.runTests(TestNGTestClassProcessor.java:141)\n\tat org.gradle.api.internal.tasks.testing.testng.TestNGTestClassProcessor.stop(TestNGTestClassProcessor.java:90)\n\tat org.gradle.api.internal.tasks.testing.SuiteTestClassProcessor.stop(SuiteTestClassProcessor.java:61)\n\tat sun.reflect.NativeMethodAccessorImpl.invoke0(Native Method)\n\tat sun.reflect.NativeMethodAccessorImpl.invoke(NativeMethodAccessorImpl.java:62)\n\tat sun.reflect.DelegatingMethodAccessorImpl.invoke(DelegatingMethodAccessorImpl.java:43)\n\tat java.lang.reflect.Method.invoke(Method.java:498)\n\tat org.gradle.internal.dispatch.ReflectionDispatch.dispatch(ReflectionDispatch.java:36)\n\tat org.gradle.internal.dispatch.ReflectionDispatch.dispatch(ReflectionDispatch.java:24)\n\tat org.gradle.internal.dispatch.ContextClassLoaderDispatch.dispatch(ContextClassLoaderDispatch.java:33)\n\tat org.gradle.internal.dispatch.ProxyDispatchAdapter$DispatchingInvocationHandler.invoke(ProxyDispatchAdapter.java:94)\n\tat com.sun.proxy.$Proxy2.stop(Unknown Source)\n\tat org.gradle.api.internal.tasks.testing.worker.TestWorker.stop(TestWorker.java:132)\n\tat sun.reflect.NativeMethodAccessorImpl.invoke0(Native Method)\n\tat sun.reflect.NativeMethodAccessorImpl.invoke(NativeMethodAccessorImpl.java:62)\n\tat sun.reflect.DelegatingMethodAccessorImpl.invoke(DelegatingMethodAccessorImpl.java:43)\n\tat java.lang.reflect.Method.invoke(Method.java:498)\n\tat org.gradle.internal.dispatch.ReflectionDispatch.dispatch(ReflectionDispatch.java:36)\n\tat org.gradle.internal.dispatch.ReflectionDispatch.dispatch(ReflectionDispatch.java:24)\n\tat org.gradle.internal.remote.internal.hub.MessageHubBackedObjectConnection$DispatchWrapper.dispatch(MessageHubBackedObjectConnection.java:182)\n\tat org.gradle.internal.remote.internal.hub.MessageHubBackedObjectConnection$DispatchWrapper.dispatch(MessageHubBackedObjectConnection.java:164)\n\tat org.gradle.internal.remote.internal.hub.MessageHub$Handler.run(MessageHub.java:412)\n\tat org.gradle.internal.concurrent.ExecutorPolicy$CatchAndRecordFailures.onExecute(ExecutorPolicy.java:64)\n\tat org.gradle.internal.concurrent.ManagedExecutorImpl$1.run(ManagedExecutorImpl.java:48)\n\tat java.util.concurrent.ThreadPoolExecutor.runWorker(ThreadPoolExecutor.java:1149)\n\tat java.util.concurrent.ThreadPoolExecutor$Worker.run(ThreadPoolExecutor.java:624)\n\tat org.gradle.internal.concurrent.ThreadFactoryImpl$ManagedThreadRunnable.run(ThreadFactoryImpl.java:56)\n\tat java.lang.Thread.run(Thread.java:748)\n",
  "flaky" : false,
  "newFailed" : false,
  "beforeStages" : [ ],
  "testStage" : {
    "status" : "failed",
    "statusMessage" : "AssertionError: \nExpected: <[ContactData{id=170, firstname='modifyfirstname', middlename='modifymiddlename', lastname='lastname', homephone='homephone', mobilephone='mobilephone', workphone='workphone', email='email', email2='null', email3='null'}, ContactData{id=171, firstname='Firstname 1', middlename='Middlename 1', lastname='Lastname 1', homephone='Homephone 1', mobilephone='Mobilephone 1', workphone='', email='email 1', email2='null', email3='null'}, ContactData{id=169, firstname='modifyfirstname', middlename='modifymiddlename', lastname='lastname', homephone='homephone', mobilephone='mobilephone', workphone='', email='email', email2='null', email3='null'}, ContactData{id=168, firstname='Firstname 0', middlename='Middlename 0', lastname='Lastname 0', homephone='Homephone 0', mobilephone='Mobilephone 0', workphone='', email='email 0', email2='null', email3='null'}]>\n     but: was <[ContactData{id=170, firstname='modifyfirstname', middlename='modifymiddlename', lastname='lastname', homephone='homephone', mobilephone='mobilephone', workphone='', email='email', email2='null', email3='null'}, ContactData{id=171, firstname='Firstname 1', middlename='Middlename 1', lastname='Lastname 1', homephone='Homephone 1', mobilephone='Mobilephone 1', workphone='', email='email 1', email2='null', email3='null'}, ContactData{id=169, firstname='modifyfirstname', middlename='modifymiddlename', lastname='lastname', homephone='homephone', mobilephone='mobilephone', workphone='', email='email', email2='null', email3='null'}, ContactData{id=168, firstname='Firstname 0', middlename='Middlename 0', lastname='Lastname 0', homephone='Homephone 0', mobilephone='Mobilephone 0', workphone='', email='email 0', email2='null', email3='null'}]>",
    "statusTrace" : "java.lang.AssertionError: \nExpected: <[ContactData{id=170, firstname='modifyfirstname', middlename='modifymiddlename', lastname='lastname', homephone='homephone', mobilephone='mobilephone', workphone='workphone', email='email', email2='null', email3='null'}, ContactData{id=171, firstname='Firstname 1', middlename='Middlename 1', lastname='Lastname 1', homephone='Homephone 1', mobilephone='Mobilephone 1', workphone='', email='email 1', email2='null', email3='null'}, ContactData{id=169, firstname='modifyfirstname', middlename='modifymiddlename', lastname='lastname', homephone='homephone', mobilephone='mobilephone', workphone='', email='email', email2='null', email3='null'}, ContactData{id=168, firstname='Firstname 0', middlename='Middlename 0', lastname='Lastname 0', homephone='Homephone 0', mobilephone='Mobilephone 0', workphone='', email='email 0', email2='null', email3='null'}]>\n     but: was <[ContactData{id=170, firstname='modifyfirstname', middlename='modifymiddlename', lastname='lastname', homephone='homephone', mobilephone='mobilephone', workphone='', email='email', email2='null', email3='null'}, ContactData{id=171, firstname='Firstname 1', middlename='Middlename 1', lastname='Lastname 1', homephone='Homephone 1', mobilephone='Mobilephone 1', workphone='', email='email 1', email2='null', email3='null'}, ContactData{id=169, firstname='modifyfirstname', middlename='modifymiddlename', lastname='lastname', homephone='homephone', mobilephone='mobilephone', workphone='', email='email', email2='null', email3='null'}, ContactData{id=168, firstname='Firstname 0', middlename='Middlename 0', lastname='Lastname 0', homephone='Homephone 0', mobilephone='Mobilephone 0', workphone='', email='email 0', email2='null', email3='null'}]>\n\tat org.hamcrest.MatcherAssert.assertThat(MatcherAssert.java:20)\n\tat org.hamcrest.MatcherAssert.assertThat(MatcherAssert.java:6)\n\tat ru.stqa.pft.addressbook.tests.contacttests.ContactModificationTests.testContactModification(ContactModificationTests.java:49)\n\tat sun.reflect.NativeMethodAccessorImpl.invoke0(Native Method)\n\tat sun.reflect.NativeMethodAccessorImpl.invoke(NativeMethodAccessorImpl.java:62)\n\tat sun.reflect.DelegatingMethodAccessorImpl.invoke(DelegatingMethodAccessorImpl.java:43)\n\tat java.lang.reflect.Method.invoke(Method.java:498)\n\tat org.testng.internal.MethodInvocationHelper.invokeMethod(MethodInvocationHelper.java:133)\n\tat org.testng.internal.TestInvoker.invokeMethod(TestInvoker.java:584)\n\tat org.testng.internal.TestInvoker.invokeTestMethod(TestInvoker.java:172)\n\tat org.testng.internal.MethodRunner.runInSequence(MethodRunner.java:46)\n\tat org.testng.internal.TestInvoker$MethodInvocationAgent.invoke(TestInvoker.java:804)\n\tat org.testng.internal.TestInvoker.invokeTestMethods(TestInvoker.java:145)\n\tat org.testng.internal.TestMethodWorker.invokeTestMethods(TestMethodWorker.java:146)\n\tat org.testng.internal.TestMethodWorker.run(TestMethodWorker.java:128)\n\tat java.util.ArrayList.forEach(ArrayList.java:1257)\n\tat org.testng.TestRunner.privateRun(TestRunner.java:770)\n\tat org.testng.TestRunner.run(TestRunner.java:591)\n\tat org.testng.SuiteRunner.runTest(SuiteRunner.java:402)\n\tat org.testng.SuiteRunner.runSequentially(SuiteRunner.java:396)\n\tat org.testng.SuiteRunner.privateRun(SuiteRunner.java:355)\n\tat org.testng.SuiteRunner.run(SuiteRunner.java:304)\n\tat org.testng.SuiteRunnerWorker.runSuite(SuiteRunnerWorker.java:53)\n\tat org.testng.SuiteRunnerWorker.run(SuiteRunnerWorker.java:96)\n\tat org.testng.TestNG.runSuitesSequentially(TestNG.java:1180)\n\tat org.testng.TestNG.runSuitesLocally(TestNG.java:1102)\n\tat org.testng.TestNG.runSuites(TestNG.java:1032)\n\tat org.testng.TestNG.run(TestNG.java:1000)\n\tat org.gradle.api.internal.tasks.testing.testng.TestNGTestClassProcessor.runTests(TestNGTestClassProcessor.java:141)\n\tat org.gradle.api.internal.tasks.testing.testng.TestNGTestClassProcessor.stop(TestNGTestClassProcessor.java:90)\n\tat org.gradle.api.internal.tasks.testing.SuiteTestClassProcessor.stop(SuiteTestClassProcessor.java:61)\n\tat sun.reflect.NativeMethodAccessorImpl.invoke0(Native Method)\n\tat sun.reflect.NativeMethodAccessorImpl.invoke(NativeMethodAccessorImpl.java:62)\n\tat sun.reflect.DelegatingMethodAccessorImpl.invoke(DelegatingMethodAccessorImpl.java:43)\n\tat java.lang.reflect.Method.invoke(Method.java:498)\n\tat org.gradle.internal.dispatch.ReflectionDispatch.dispatch(ReflectionDispatch.java:36)\n\tat org.gradle.internal.dispatch.ReflectionDispatch.dispatch(ReflectionDispatch.java:24)\n\tat org.gradle.internal.dispatch.ContextClassLoaderDispatch.dispatch(ContextClassLoaderDispatch.java:33)\n\tat org.gradle.internal.dispatch.ProxyDispatchAdapter$DispatchingInvocationHandler.invoke(ProxyDispatchAdapter.java:94)\n\tat com.sun.proxy.$Proxy2.stop(Unknown Source)\n\tat org.gradle.api.internal.tasks.testing.worker.TestWorker.stop(TestWorker.java:132)\n\tat sun.reflect.NativeMethodAccessorImpl.invoke0(Native Method)\n\tat sun.reflect.NativeMethodAccessorImpl.invoke(NativeMethodAccessorImpl.java:62)\n\tat sun.reflect.DelegatingMethodAccessorImpl.invoke(DelegatingMethodAccessorImpl.java:43)\n\tat java.lang.reflect.Method.invoke(Method.java:498)\n\tat org.gradle.internal.dispatch.ReflectionDispatch.dispatch(ReflectionDispatch.java:36)\n\tat org.gradle.internal.dispatch.ReflectionDispatch.dispatch(ReflectionDispatch.java:24)\n\tat org.gradle.internal.remote.internal.hub.MessageHubBackedObjectConnection$DispatchWrapper.dispatch(MessageHubBackedObjectConnection.java:182)\n\tat org.gradle.internal.remote.internal.hub.MessageHubBackedObjectConnection$DispatchWrapper.dispatch(MessageHubBackedObjectConnection.java:164)\n\tat org.gradle.internal.remote.internal.hub.MessageHub$Handler.run(MessageHub.java:412)\n\tat org.gradle.internal.concurrent.ExecutorPolicy$CatchAndRecordFailures.onExecute(ExecutorPolicy.java:64)\n\tat org.gradle.internal.concurrent.ManagedExecutorImpl$1.run(ManagedExecutorImpl.java:48)\n\tat java.util.concurrent.ThreadPoolExecutor.runWorker(ThreadPoolExecutor.java:1149)\n\tat java.util.concurrent.ThreadPoolExecutor$Worker.run(ThreadPoolExecutor.java:624)\n\tat org.gradle.internal.concurrent.ThreadFactoryImpl$ManagedThreadRunnable.run(ThreadFactoryImpl.java:56)\n\tat java.lang.Thread.run(Thread.java:748)\n",
    "steps" : [ ],
    "attachments" : [ {
      "uid" : "e1d9893baec6c508",
      "name" : "Page screenshot",
      "source" : "e1d9893baec6c508.png",
      "type" : "image/png",
      "size" : 59387
    } ],
    "parameters" : [ ],
    "hasContent" : true,
    "stepsCount" : 0,
    "attachmentsCount" : 1,
    "shouldDisplayMessage" : true
  },
  "afterStages" : [ ],
  "labels" : [ {
    "name" : "suite",
    "value" : "Suite1"
  }, {
    "name" : "testClass",
    "value" : "Suite1"
  }, {
    "name" : "testMethod",
    "value" : "testContactModification"
  }, {
    "name" : "package",
    "value" : "Suite1"
  }, {
    "name" : "resultFormat",
    "value" : "allure1"
  } ],
  "parameters" : [ ],
  "links" : [ ],
  "hidden" : false,
  "retry" : false,
  "extra" : {
    "severity" : "normal",
    "retries" : [ ],
    "categories" : [ {
      "name" : "Product defects",
      "matchedStatuses" : [ ],
      "flaky" : false
    } ],
    "tags" : [ ]
  },
  "source" : "905257cf661185d0.json",
  "parameterValues" : [ ]
}