<?xml version="1.0" encoding="UTF-8" standalone="yes"?>
<ns2:test-suite xmlns:ns2="urn:model.allure.qatools.yandex.ru" start="1576433954584" stop="1576433997941">
    <name>Suite1</name>
    <test-cases>
        <test-case start="1576433954747" stop="1576433964485" status="failed">
            <name>testCreateNewContact[ContactData{id=2147483647, firstname='Firstname 0', middlename='Middlename 0', lastname='Lastname 0', homephone='Homephone 0', mobilephone='Mobilephone 0', workphone='Workphone 0', email='email 0', email2='null', email3='null'}]</name>
            <failure>
                <message>AssertionError: 
Expected: &lt;[ContactData{id=169, firstname='modifyfirstname', middlename='modifymiddlename', lastname='lastname', homephone='homephone', mobilephone='mobilephone', workphone='', email='email', email2='null', email3='null'}, ContactData{id=168, firstname='Firstname 0', middlename='Middlename 0', lastname='Lastname 0', homephone='Homephone 0', mobilephone='Mobilephone 0', workphone='', email='email 0', email2='null', email3='null'}, ContactData{id=170, firstname='Firstname 0', middlename='Middlename 0', lastname='Lastname 0', homephone='Homephone 0', mobilephone='Mobilephone 0', workphone='Workphone 0', email='email 0', email2='null', email3='null'}]&gt;
     but: was &lt;[ContactData{id=170, firstname='Firstname 0', middlename='Middlename 0', lastname='Lastname 0', homephone='Homephone 0', mobilephone='Mobilephone 0', workphone='', email='email 0', email2='null', email3='null'}, ContactData{id=169, firstname='modifyfirstname', middlename='modifymiddlename', lastname='lastname', homephone='homephone', mobilephone='mobilephone', workphone='', email='email', email2='null', email3='null'}, ContactData{id=168, firstname='Firstname 0', middlename='Middlename 0', lastname='Lastname 0', homephone='Homephone 0', mobilephone='Mobilephone 0', workphone='', email='email 0', email2='null', email3='null'}]&gt;</message>
                <stack-trace>java.lang.AssertionError: 
Expected: &lt;[ContactData{id=169, firstname='modifyfirstname', middlename='modifymiddlename', lastname='lastname', homephone='homephone', mobilephone='mobilephone', workphone='', email='email', email2='null', email3='null'}, ContactData{id=168, firstname='Firstname 0', middlename='Middlename 0', lastname='Lastname 0', homephone='Homephone 0', mobilephone='Mobilephone 0', workphone='', email='email 0', email2='null', email3='null'}, ContactData{id=170, firstname='Firstname 0', middlename='Middlename 0', lastname='Lastname 0', homephone='Homephone 0', mobilephone='Mobilephone 0', workphone='Workphone 0', email='email 0', email2='null', email3='null'}]&gt;
     but: was &lt;[ContactData{id=170, firstname='Firstname 0', middlename='Middlename 0', lastname='Lastname 0', homephone='Homephone 0', mobilephone='Mobilephone 0', workphone='', email='email 0', email2='null', email3='null'}, ContactData{id=169, firstname='modifyfirstname', middlename='modifymiddlename', lastname='lastname', homephone='homephone', mobilephone='mobilephone', workphone='', email='email', email2='null', email3='null'}, ContactData{id=168, firstname='Firstname 0', middlename='Middlename 0', lastname='Lastname 0', homephone='Homephone 0', mobilephone='Mobilephone 0', workphone='', email='email 0', email2='null', email3='null'}]&gt;
	at org.hamcrest.MatcherAssert.assertThat(MatcherAssert.java:20)
	at org.hamcrest.MatcherAssert.assertThat(MatcherAssert.java:6)
	at ru.stqa.pft.addressbook.tests.contacttests.ContactCreationTests.testCreateNewContact(ContactCreationTests.java:56)
	at sun.reflect.NativeMethodAccessorImpl.invoke0(Native Method)
	at sun.reflect.NativeMethodAccessorImpl.invoke(NativeMethodAccessorImpl.java:62)
	at sun.reflect.DelegatingMethodAccessorImpl.invoke(DelegatingMethodAccessorImpl.java:43)
	at java.lang.reflect.Method.invoke(Method.java:498)
	at org.testng.internal.MethodInvocationHelper.invokeMethod(MethodInvocationHelper.java:133)
	at org.testng.internal.TestInvoker.invokeMethod(TestInvoker.java:584)
	at org.testng.internal.TestInvoker.invokeTestMethod(TestInvoker.java:172)
	at org.testng.internal.MethodRunner.runInSequence(MethodRunner.java:46)
	at org.testng.internal.TestInvoker$MethodInvocationAgent.invoke(TestInvoker.java:804)
	at org.testng.internal.TestInvoker.invokeTestMethods(TestInvoker.java:145)
	at org.testng.internal.TestMethodWorker.invokeTestMethods(TestMethodWorker.java:146)
	at org.testng.internal.TestMethodWorker.run(TestMethodWorker.java:128)
	at java.util.ArrayList.forEach(ArrayList.java:1257)
	at org.testng.TestRunner.privateRun(TestRunner.java:770)
	at org.testng.TestRunner.run(TestRunner.java:591)
	at org.testng.SuiteRunner.runTest(SuiteRunner.java:402)
	at org.testng.SuiteRunner.runSequentially(SuiteRunner.java:396)
	at org.testng.SuiteRunner.privateRun(SuiteRunner.java:355)
	at org.testng.SuiteRunner.run(SuiteRunner.java:304)
	at org.testng.SuiteRunnerWorker.runSuite(SuiteRunnerWorker.java:53)
	at org.testng.SuiteRunnerWorker.run(SuiteRunnerWorker.java:96)
	at org.testng.TestNG.runSuitesSequentially(TestNG.java:1180)
	at org.testng.TestNG.runSuitesLocally(TestNG.java:1102)
	at org.testng.TestNG.runSuites(TestNG.java:1032)
	at org.testng.TestNG.run(TestNG.java:1000)
	at org.gradle.api.internal.tasks.testing.testng.TestNGTestClassProcessor.runTests(TestNGTestClassProcessor.java:141)
	at org.gradle.api.internal.tasks.testing.testng.TestNGTestClassProcessor.stop(TestNGTestClassProcessor.java:90)
	at org.gradle.api.internal.tasks.testing.SuiteTestClassProcessor.stop(SuiteTestClassProcessor.java:61)
	at sun.reflect.NativeMethodAccessorImpl.invoke0(Native Method)
	at sun.reflect.NativeMethodAccessorImpl.invoke(NativeMethodAccessorImpl.java:62)
	at sun.reflect.DelegatingMethodAccessorImpl.invoke(DelegatingMethodAccessorImpl.java:43)
	at java.lang.reflect.Method.invoke(Method.java:498)
	at org.gradle.internal.dispatch.ReflectionDispatch.dispatch(ReflectionDispatch.java:36)
	at org.gradle.internal.dispatch.ReflectionDispatch.dispatch(ReflectionDispatch.java:24)
	at org.gradle.internal.dispatch.ContextClassLoaderDispatch.dispatch(ContextClassLoaderDispatch.java:33)
	at org.gradle.internal.dispatch.ProxyDispatchAdapter$DispatchingInvocationHandler.invoke(ProxyDispatchAdapter.java:94)
	at com.sun.proxy.$Proxy2.stop(Unknown Source)
	at org.gradle.api.internal.tasks.testing.worker.TestWorker.stop(TestWorker.java:132)
	at sun.reflect.NativeMethodAccessorImpl.invoke0(Native Method)
	at sun.reflect.NativeMethodAccessorImpl.invoke(NativeMethodAccessorImpl.java:62)
	at sun.reflect.DelegatingMethodAccessorImpl.invoke(DelegatingMethodAccessorImpl.java:43)
	at java.lang.reflect.Method.invoke(Method.java:498)
	at org.gradle.internal.dispatch.ReflectionDispatch.dispatch(ReflectionDispatch.java:36)
	at org.gradle.internal.dispatch.ReflectionDispatch.dispatch(ReflectionDispatch.java:24)
	at org.gradle.internal.remote.internal.hub.MessageHubBackedObjectConnection$DispatchWrapper.dispatch(MessageHubBackedObjectConnection.java:182)
	at org.gradle.internal.remote.internal.hub.MessageHubBackedObjectConnection$DispatchWrapper.dispatch(MessageHubBackedObjectConnection.java:164)
	at org.gradle.internal.remote.internal.hub.MessageHub$Handler.run(MessageHub.java:412)
	at org.gradle.internal.concurrent.ExecutorPolicy$CatchAndRecordFailures.onExecute(ExecutorPolicy.java:64)
	at org.gradle.internal.concurrent.ManagedExecutorImpl$1.run(ManagedExecutorImpl.java:48)
	at java.util.concurrent.ThreadPoolExecutor.runWorker(ThreadPoolExecutor.java:1149)
	at java.util.concurrent.ThreadPoolExecutor$Worker.run(ThreadPoolExecutor.java:624)
	at org.gradle.internal.concurrent.ThreadFactoryImpl$ManagedThreadRunnable.run(ThreadFactoryImpl.java:56)
	at java.lang.Thread.run(Thread.java:748)
</stack-trace>
            </failure>
            <steps/>
            <attachments>
                <attachment title="Page screenshot" source="8ed036a8bb0d57e0409a3310808cfa0c0298193309baf17ed1998299f2ffcb36-attachment.png" type="image/png" size="51238"/>
            </attachments>
            <labels/>
        </test-case>
        <test-case start="1576433964487" stop="1576433973687" status="failed">
            <name>testCreateNewContact[ContactData{id=2147483647, firstname='Firstname 1', middlename='Middlename 1', lastname='Lastname 1', homephone='Homephone 1', mobilephone='Mobilephone 1', workphone='Workphone 1', email='email 1', email2='null', email3='null'}]</name>
            <failure>
                <message>AssertionError: 
Expected: &lt;[ContactData{id=170, firstname='Firstname 0', middlename='Middlename 0', lastname='Lastname 0', homephone='Homephone 0', mobilephone='Mobilephone 0', workphone='', email='email 0', email2='null', email3='null'}, ContactData{id=169, firstname='modifyfirstname', middlename='modifymiddlename', lastname='lastname', homephone='homephone', mobilephone='mobilephone', workphone='', email='email', email2='null', email3='null'}, ContactData{id=171, firstname='Firstname 1', middlename='Middlename 1', lastname='Lastname 1', homephone='Homephone 1', mobilephone='Mobilephone 1', workphone='Workphone 1', email='email 1', email2='null', email3='null'}, ContactData{id=168, firstname='Firstname 0', middlename='Middlename 0', lastname='Lastname 0', homephone='Homephone 0', mobilephone='Mobilephone 0', workphone='', email='email 0', email2='null', email3='null'}]&gt;
     but: was &lt;[ContactData{id=170, firstname='Firstname 0', middlename='Middlename 0', lastname='Lastname 0', homephone='Homephone 0', mobilephone='Mobilephone 0', workphone='', email='email 0', email2='null', email3='null'}, ContactData{id=171, firstname='Firstname 1', middlename='Middlename 1', lastname='Lastname 1', homephone='Homephone 1', mobilephone='Mobilephone 1', workphone='', email='email 1', email2='null', email3='null'}, ContactData{id=169, firstname='modifyfirstname', middlename='modifymiddlename', lastname='lastname', homephone='homephone', mobilephone='mobilephone', workphone='', email='email', email2='null', email3='null'}, ContactData{id=168, firstname='Firstname 0', middlename='Middlename 0', lastname='Lastname 0', homephone='Homephone 0', mobilephone='Mobilephone 0', workphone='', email='email 0', email2='null', email3='null'}]&gt;</message>
                <stack-trace>java.lang.AssertionError: 
Expected: &lt;[ContactData{id=170, firstname='Firstname 0', middlename='Middlename 0', lastname='Lastname 0', homephone='Homephone 0', mobilephone='Mobilephone 0', workphone='', email='email 0', email2='null', email3='null'}, ContactData{id=169, firstname='modifyfirstname', middlename='modifymiddlename', lastname='lastname', homephone='homephone', mobilephone='mobilephone', workphone='', email='email', email2='null', email3='null'}, ContactData{id=171, firstname='Firstname 1', middlename='Middlename 1', lastname='Lastname 1', homephone='Homephone 1', mobilephone='Mobilephone 1', workphone='Workphone 1', email='email 1', email2='null', email3='null'}, ContactData{id=168, firstname='Firstname 0', middlename='Middlename 0', lastname='Lastname 0', homephone='Homephone 0', mobilephone='Mobilephone 0', workphone='', email='email 0', email2='null', email3='null'}]&gt;
     but: was &lt;[ContactData{id=170, firstname='Firstname 0', middlename='Middlename 0', lastname='Lastname 0', homephone='Homephone 0', mobilephone='Mobilephone 0', workphone='', email='email 0', email2='null', email3='null'}, ContactData{id=171, firstname='Firstname 1', middlename='Middlename 1', lastname='Lastname 1', homephone='Homephone 1', mobilephone='Mobilephone 1', workphone='', email='email 1', email2='null', email3='null'}, ContactData{id=169, firstname='modifyfirstname', middlename='modifymiddlename', lastname='lastname', homephone='homephone', mobilephone='mobilephone', workphone='', email='email', email2='null', email3='null'}, ContactData{id=168, firstname='Firstname 0', middlename='Middlename 0', lastname='Lastname 0', homephone='Homephone 0', mobilephone='Mobilephone 0', workphone='', email='email 0', email2='null', email3='null'}]&gt;
	at org.hamcrest.MatcherAssert.assertThat(MatcherAssert.java:20)
	at org.hamcrest.MatcherAssert.assertThat(MatcherAssert.java:6)
	at ru.stqa.pft.addressbook.tests.contacttests.ContactCreationTests.testCreateNewContact(ContactCreationTests.java:56)
	at sun.reflect.NativeMethodAccessorImpl.invoke0(Native Method)
	at sun.reflect.NativeMethodAccessorImpl.invoke(NativeMethodAccessorImpl.java:62)
	at sun.reflect.DelegatingMethodAccessorImpl.invoke(DelegatingMethodAccessorImpl.java:43)
	at java.lang.reflect.Method.invoke(Method.java:498)
	at org.testng.internal.MethodInvocationHelper.invokeMethod(MethodInvocationHelper.java:133)
	at org.testng.internal.TestInvoker.invokeMethod(TestInvoker.java:584)
	at org.testng.internal.TestInvoker.invokeTestMethod(TestInvoker.java:172)
	at org.testng.internal.MethodRunner.runInSequence(MethodRunner.java:46)
	at org.testng.internal.TestInvoker$MethodInvocationAgent.invoke(TestInvoker.java:804)
	at org.testng.internal.TestInvoker.invokeTestMethods(TestInvoker.java:145)
	at org.testng.internal.TestMethodWorker.invokeTestMethods(TestMethodWorker.java:146)
	at org.testng.internal.TestMethodWorker.run(TestMethodWorker.java:128)
	at java.util.ArrayList.forEach(ArrayList.java:1257)
	at org.testng.TestRunner.privateRun(TestRunner.java:770)
	at org.testng.TestRunner.run(TestRunner.java:591)
	at org.testng.SuiteRunner.runTest(SuiteRunner.java:402)
	at org.testng.SuiteRunner.runSequentially(SuiteRunner.java:396)
	at org.testng.SuiteRunner.privateRun(SuiteRunner.java:355)
	at org.testng.SuiteRunner.run(SuiteRunner.java:304)
	at org.testng.SuiteRunnerWorker.runSuite(SuiteRunnerWorker.java:53)
	at org.testng.SuiteRunnerWorker.run(SuiteRunnerWorker.java:96)
	at org.testng.TestNG.runSuitesSequentially(TestNG.java:1180)
	at org.testng.TestNG.runSuitesLocally(TestNG.java:1102)
	at org.testng.TestNG.runSuites(TestNG.java:1032)
	at org.testng.TestNG.run(TestNG.java:1000)
	at org.gradle.api.internal.tasks.testing.testng.TestNGTestClassProcessor.runTests(TestNGTestClassProcessor.java:141)
	at org.gradle.api.internal.tasks.testing.testng.TestNGTestClassProcessor.stop(TestNGTestClassProcessor.java:90)
	at org.gradle.api.internal.tasks.testing.SuiteTestClassProcessor.stop(SuiteTestClassProcessor.java:61)
	at sun.reflect.NativeMethodAccessorImpl.invoke0(Native Method)
	at sun.reflect.NativeMethodAccessorImpl.invoke(NativeMethodAccessorImpl.java:62)
	at sun.reflect.DelegatingMethodAccessorImpl.invoke(DelegatingMethodAccessorImpl.java:43)
	at java.lang.reflect.Method.invoke(Method.java:498)
	at org.gradle.internal.dispatch.ReflectionDispatch.dispatch(ReflectionDispatch.java:36)
	at org.gradle.internal.dispatch.ReflectionDispatch.dispatch(ReflectionDispatch.java:24)
	at org.gradle.internal.dispatch.ContextClassLoaderDispatch.dispatch(ContextClassLoaderDispatch.java:33)
	at org.gradle.internal.dispatch.ProxyDispatchAdapter$DispatchingInvocationHandler.invoke(ProxyDispatchAdapter.java:94)
	at com.sun.proxy.$Proxy2.stop(Unknown Source)
	at org.gradle.api.internal.tasks.testing.worker.TestWorker.stop(TestWorker.java:132)
	at sun.reflect.NativeMethodAccessorImpl.invoke0(Native Method)
	at sun.reflect.NativeMethodAccessorImpl.invoke(NativeMethodAccessorImpl.java:62)
	at sun.reflect.DelegatingMethodAccessorImpl.invoke(DelegatingMethodAccessorImpl.java:43)
	at java.lang.reflect.Method.invoke(Method.java:498)
	at org.gradle.internal.dispatch.ReflectionDispatch.dispatch(ReflectionDispatch.java:36)
	at org.gradle.internal.dispatch.ReflectionDispatch.dispatch(ReflectionDispatch.java:24)
	at org.gradle.internal.remote.internal.hub.MessageHubBackedObjectConnection$DispatchWrapper.dispatch(MessageHubBackedObjectConnection.java:182)
	at org.gradle.internal.remote.internal.hub.MessageHubBackedObjectConnection$DispatchWrapper.dispatch(MessageHubBackedObjectConnection.java:164)
	at org.gradle.internal.remote.internal.hub.MessageHub$Handler.run(MessageHub.java:412)
	at org.gradle.internal.concurrent.ExecutorPolicy$CatchAndRecordFailures.onExecute(ExecutorPolicy.java:64)
	at org.gradle.internal.concurrent.ManagedExecutorImpl$1.run(ManagedExecutorImpl.java:48)
	at java.util.concurrent.ThreadPoolExecutor.runWorker(ThreadPoolExecutor.java:1149)
	at java.util.concurrent.ThreadPoolExecutor$Worker.run(ThreadPoolExecutor.java:624)
	at org.gradle.internal.concurrent.ThreadFactoryImpl$ManagedThreadRunnable.run(ThreadFactoryImpl.java:56)
	at java.lang.Thread.run(Thread.java:748)
</stack-trace>
            </failure>
            <steps/>
            <attachments>
                <attachment title="Page screenshot" source="2c3b4459e551991515313bd6ebc51f2a9bd04f06d38a9548dc9417f94028c8dc-attachment.png" type="image/png" size="58527"/>
            </attachments>
            <labels/>
        </test-case>
        <test-case start="1576433973706" stop="1576433987874" status="failed">
            <name>testContactModification</name>
            <failure>
                <message>AssertionError: 
Expected: &lt;[ContactData{id=170, firstname='modifyfirstname', middlename='modifymiddlename', lastname='lastname', homephone='homephone', mobilephone='mobilephone', workphone='workphone', email='email', email2='null', email3='null'}, ContactData{id=171, firstname='Firstname 1', middlename='Middlename 1', lastname='Lastname 1', homephone='Homephone 1', mobilephone='Mobilephone 1', workphone='', email='email 1', email2='null', email3='null'}, ContactData{id=169, firstname='modifyfirstname', middlename='modifymiddlename', lastname='lastname', homephone='homephone', mobilephone='mobilephone', workphone='', email='email', email2='null', email3='null'}, ContactData{id=168, firstname='Firstname 0', middlename='Middlename 0', lastname='Lastname 0', homephone='Homephone 0', mobilephone='Mobilephone 0', workphone='', email='email 0', email2='null', email3='null'}]&gt;
     but: was &lt;[ContactData{id=170, firstname='modifyfirstname', middlename='modifymiddlename', lastname='lastname', homephone='homephone', mobilephone='mobilephone', workphone='', email='email', email2='null', email3='null'}, ContactData{id=171, firstname='Firstname 1', middlename='Middlename 1', lastname='Lastname 1', homephone='Homephone 1', mobilephone='Mobilephone 1', workphone='', email='email 1', email2='null', email3='null'}, ContactData{id=169, firstname='modifyfirstname', middlename='modifymiddlename', lastname='lastname', homephone='homephone', mobilephone='mobilephone', workphone='', email='email', email2='null', email3='null'}, ContactData{id=168, firstname='Firstname 0', middlename='Middlename 0', lastname='Lastname 0', homephone='Homephone 0', mobilephone='Mobilephone 0', workphone='', email='email 0', email2='null', email3='null'}]&gt;</message>
                <stack-trace>java.lang.AssertionError: 
Expected: &lt;[ContactData{id=170, firstname='modifyfirstname', middlename='modifymiddlename', lastname='lastname', homephone='homephone', mobilephone='mobilephone', workphone='workphone', email='email', email2='null', email3='null'}, ContactData{id=171, firstname='Firstname 1', middlename='Middlename 1', lastname='Lastname 1', homephone='Homephone 1', mobilephone='Mobilephone 1', workphone='', email='email 1', email2='null', email3='null'}, ContactData{id=169, firstname='modifyfirstname', middlename='modifymiddlename', lastname='lastname', homephone='homephone', mobilephone='mobilephone', workphone='', email='email', email2='null', email3='null'}, ContactData{id=168, firstname='Firstname 0', middlename='Middlename 0', lastname='Lastname 0', homephone='Homephone 0', mobilephone='Mobilephone 0', workphone='', email='email 0', email2='null', email3='null'}]&gt;
     but: was &lt;[ContactData{id=170, firstname='modifyfirstname', middlename='modifymiddlename', lastname='lastname', homephone='homephone', mobilephone='mobilephone', workphone='', email='email', email2='null', email3='null'}, ContactData{id=171, firstname='Firstname 1', middlename='Middlename 1', lastname='Lastname 1', homephone='Homephone 1', mobilephone='Mobilephone 1', workphone='', email='email 1', email2='null', email3='null'}, ContactData{id=169, firstname='modifyfirstname', middlename='modifymiddlename', lastname='lastname', homephone='homephone', mobilephone='mobilephone', workphone='', email='email', email2='null', email3='null'}, ContactData{id=168, firstname='Firstname 0', middlename='Middlename 0', lastname='Lastname 0', homephone='Homephone 0', mobilephone='Mobilephone 0', workphone='', email='email 0', email2='null', email3='null'}]&gt;
	at org.hamcrest.MatcherAssert.assertThat(MatcherAssert.java:20)
	at org.hamcrest.MatcherAssert.assertThat(MatcherAssert.java:6)
	at ru.stqa.pft.addressbook.tests.contacttests.ContactModificationTests.testContactModification(ContactModificationTests.java:49)
	at sun.reflect.NativeMethodAccessorImpl.invoke0(Native Method)
	at sun.reflect.NativeMethodAccessorImpl.invoke(NativeMethodAccessorImpl.java:62)
	at sun.reflect.DelegatingMethodAccessorImpl.invoke(DelegatingMethodAccessorImpl.java:43)
	at java.lang.reflect.Method.invoke(Method.java:498)
	at org.testng.internal.MethodInvocationHelper.invokeMethod(MethodInvocationHelper.java:133)
	at org.testng.internal.TestInvoker.invokeMethod(TestInvoker.java:584)
	at org.testng.internal.TestInvoker.invokeTestMethod(TestInvoker.java:172)
	at org.testng.internal.MethodRunner.runInSequence(MethodRunner.java:46)
	at org.testng.internal.TestInvoker$MethodInvocationAgent.invoke(TestInvoker.java:804)
	at org.testng.internal.TestInvoker.invokeTestMethods(TestInvoker.java:145)
	at org.testng.internal.TestMethodWorker.invokeTestMethods(TestMethodWorker.java:146)
	at org.testng.internal.TestMethodWorker.run(TestMethodWorker.java:128)
	at java.util.ArrayList.forEach(ArrayList.java:1257)
	at org.testng.TestRunner.privateRun(TestRunner.java:770)
	at org.testng.TestRunner.run(TestRunner.java:591)
	at org.testng.SuiteRunner.runTest(SuiteRunner.java:402)
	at org.testng.SuiteRunner.runSequentially(SuiteRunner.java:396)
	at org.testng.SuiteRunner.privateRun(SuiteRunner.java:355)
	at org.testng.SuiteRunner.run(SuiteRunner.java:304)
	at org.testng.SuiteRunnerWorker.runSuite(SuiteRunnerWorker.java:53)
	at org.testng.SuiteRunnerWorker.run(SuiteRunnerWorker.java:96)
	at org.testng.TestNG.runSuitesSequentially(TestNG.java:1180)
	at org.testng.TestNG.runSuitesLocally(TestNG.java:1102)
	at org.testng.TestNG.runSuites(TestNG.java:1032)
	at org.testng.TestNG.run(TestNG.java:1000)
	at org.gradle.api.internal.tasks.testing.testng.TestNGTestClassProcessor.runTests(TestNGTestClassProcessor.java:141)
	at org.gradle.api.internal.tasks.testing.testng.TestNGTestClassProcessor.stop(TestNGTestClassProcessor.java:90)
	at org.gradle.api.internal.tasks.testing.SuiteTestClassProcessor.stop(SuiteTestClassProcessor.java:61)
	at sun.reflect.NativeMethodAccessorImpl.invoke0(Native Method)
	at sun.reflect.NativeMethodAccessorImpl.invoke(NativeMethodAccessorImpl.java:62)
	at sun.reflect.DelegatingMethodAccessorImpl.invoke(DelegatingMethodAccessorImpl.java:43)
	at java.lang.reflect.Method.invoke(Method.java:498)
	at org.gradle.internal.dispatch.ReflectionDispatch.dispatch(ReflectionDispatch.java:36)
	at org.gradle.internal.dispatch.ReflectionDispatch.dispatch(ReflectionDispatch.java:24)
	at org.gradle.internal.dispatch.ContextClassLoaderDispatch.dispatch(ContextClassLoaderDispatch.java:33)
	at org.gradle.internal.dispatch.ProxyDispatchAdapter$DispatchingInvocationHandler.invoke(ProxyDispatchAdapter.java:94)
	at com.sun.proxy.$Proxy2.stop(Unknown Source)
	at org.gradle.api.internal.tasks.testing.worker.TestWorker.stop(TestWorker.java:132)
	at sun.reflect.NativeMethodAccessorImpl.invoke0(Native Method)
	at sun.reflect.NativeMethodAccessorImpl.invoke(NativeMethodAccessorImpl.java:62)
	at sun.reflect.DelegatingMethodAccessorImpl.invoke(DelegatingMethodAccessorImpl.java:43)
	at java.lang.reflect.Method.invoke(Method.java:498)
	at org.gradle.internal.dispatch.ReflectionDispatch.dispatch(ReflectionDispatch.java:36)
	at org.gradle.internal.dispatch.ReflectionDispatch.dispatch(ReflectionDispatch.java:24)
	at org.gradle.internal.remote.internal.hub.MessageHubBackedObjectConnection$DispatchWrapper.dispatch(MessageHubBackedObjectConnection.java:182)
	at org.gradle.internal.remote.internal.hub.MessageHubBackedObjectConnection$DispatchWrapper.dispatch(MessageHubBackedObjectConnection.java:164)
	at org.gradle.internal.remote.internal.hub.MessageHub$Handler.run(MessageHub.java:412)
	at org.gradle.internal.concurrent.ExecutorPolicy$CatchAndRecordFailures.onExecute(ExecutorPolicy.java:64)
	at org.gradle.internal.concurrent.ManagedExecutorImpl$1.run(ManagedExecutorImpl.java:48)
	at java.util.concurrent.ThreadPoolExecutor.runWorker(ThreadPoolExecutor.java:1149)
	at java.util.concurrent.ThreadPoolExecutor$Worker.run(ThreadPoolExecutor.java:624)
	at org.gradle.internal.concurrent.ThreadFactoryImpl$ManagedThreadRunnable.run(ThreadFactoryImpl.java:56)
	at java.lang.Thread.run(Thread.java:748)
</stack-trace>
            </failure>
            <steps/>
            <attachments>
                <attachment title="Page screenshot" source="927faa97cce126cfd0c01689ffa007bbc19f136200ed069acde0ce3193efb4da-attachment.png" type="image/png" size="59387"/>
            </attachments>
            <labels/>
        </test-case>
        <test-case start="1576433987911" stop="1576433988374" status="failed">
            <name>testDeleteSelectedContact</name>
            <failure>
                <message>AssertionError: 
Expected: &lt;3&gt;
     but: was &lt;4&gt;</message>
                <stack-trace>java.lang.AssertionError: 
Expected: &lt;3&gt;
     but: was &lt;4&gt;
	at org.hamcrest.MatcherAssert.assertThat(MatcherAssert.java:20)
	at org.hamcrest.MatcherAssert.assertThat(MatcherAssert.java:6)
	at ru.stqa.pft.addressbook.tests.contacttests.ContactDeletionTests.testDeleteSelectedContact(ContactDeletionTests.java:36)
	at sun.reflect.NativeMethodAccessorImpl.invoke0(Native Method)
	at sun.reflect.NativeMethodAccessorImpl.invoke(NativeMethodAccessorImpl.java:62)
	at sun.reflect.DelegatingMethodAccessorImpl.invoke(DelegatingMethodAccessorImpl.java:43)
	at java.lang.reflect.Method.invoke(Method.java:498)
	at org.testng.internal.MethodInvocationHelper.invokeMethod(MethodInvocationHelper.java:133)
	at org.testng.internal.TestInvoker.invokeMethod(TestInvoker.java:584)
	at org.testng.internal.TestInvoker.invokeTestMethod(TestInvoker.java:172)
	at org.testng.internal.MethodRunner.runInSequence(MethodRunner.java:46)
	at org.testng.internal.TestInvoker$MethodInvocationAgent.invoke(TestInvoker.java:804)
	at org.testng.internal.TestInvoker.invokeTestMethods(TestInvoker.java:145)
	at org.testng.internal.TestMethodWorker.invokeTestMethods(TestMethodWorker.java:146)
	at org.testng.internal.TestMethodWorker.run(TestMethodWorker.java:128)
	at java.util.ArrayList.forEach(ArrayList.java:1257)
	at org.testng.TestRunner.privateRun(TestRunner.java:770)
	at org.testng.TestRunner.run(TestRunner.java:591)
	at org.testng.SuiteRunner.runTest(SuiteRunner.java:402)
	at org.testng.SuiteRunner.runSequentially(SuiteRunner.java:396)
	at org.testng.SuiteRunner.privateRun(SuiteRunner.java:355)
	at org.testng.SuiteRunner.run(SuiteRunner.java:304)
	at org.testng.SuiteRunnerWorker.runSuite(SuiteRunnerWorker.java:53)
	at org.testng.SuiteRunnerWorker.run(SuiteRunnerWorker.java:96)
	at org.testng.TestNG.runSuitesSequentially(TestNG.java:1180)
	at org.testng.TestNG.runSuitesLocally(TestNG.java:1102)
	at org.testng.TestNG.runSuites(TestNG.java:1032)
	at org.testng.TestNG.run(TestNG.java:1000)
	at org.gradle.api.internal.tasks.testing.testng.TestNGTestClassProcessor.runTests(TestNGTestClassProcessor.java:141)
	at org.gradle.api.internal.tasks.testing.testng.TestNGTestClassProcessor.stop(TestNGTestClassProcessor.java:90)
	at org.gradle.api.internal.tasks.testing.SuiteTestClassProcessor.stop(SuiteTestClassProcessor.java:61)
	at sun.reflect.NativeMethodAccessorImpl.invoke0(Native Method)
	at sun.reflect.NativeMethodAccessorImpl.invoke(NativeMethodAccessorImpl.java:62)
	at sun.reflect.DelegatingMethodAccessorImpl.invoke(DelegatingMethodAccessorImpl.java:43)
	at java.lang.reflect.Method.invoke(Method.java:498)
	at org.gradle.internal.dispatch.ReflectionDispatch.dispatch(ReflectionDispatch.java:36)
	at org.gradle.internal.dispatch.ReflectionDispatch.dispatch(ReflectionDispatch.java:24)
	at org.gradle.internal.dispatch.ContextClassLoaderDispatch.dispatch(ContextClassLoaderDispatch.java:33)
	at org.gradle.internal.dispatch.ProxyDispatchAdapter$DispatchingInvocationHandler.invoke(ProxyDispatchAdapter.java:94)
	at com.sun.proxy.$Proxy2.stop(Unknown Source)
	at org.gradle.api.internal.tasks.testing.worker.TestWorker.stop(TestWorker.java:132)
	at sun.reflect.NativeMethodAccessorImpl.invoke0(Native Method)
	at sun.reflect.NativeMethodAccessorImpl.invoke(NativeMethodAccessorImpl.java:62)
	at sun.reflect.DelegatingMethodAccessorImpl.invoke(DelegatingMethodAccessorImpl.java:43)
	at java.lang.reflect.Method.invoke(Method.java:498)
	at org.gradle.internal.dispatch.ReflectionDispatch.dispatch(ReflectionDispatch.java:36)
	at org.gradle.internal.dispatch.ReflectionDispatch.dispatch(ReflectionDispatch.java:24)
	at org.gradle.internal.remote.internal.hub.MessageHubBackedObjectConnection$DispatchWrapper.dispatch(MessageHubBackedObjectConnection.java:182)
	at org.gradle.internal.remote.internal.hub.MessageHubBackedObjectConnection$DispatchWrapper.dispatch(MessageHubBackedObjectConnection.java:164)
	at org.gradle.internal.remote.internal.hub.MessageHub$Handler.run(MessageHub.java:412)
	at org.gradle.internal.concurrent.ExecutorPolicy$CatchAndRecordFailures.onExecute(ExecutorPolicy.java:64)
	at org.gradle.internal.concurrent.ManagedExecutorImpl$1.run(ManagedExecutorImpl.java:48)
	at java.util.concurrent.ThreadPoolExecutor.runWorker(ThreadPoolExecutor.java:1149)
	at java.util.concurrent.ThreadPoolExecutor$Worker.run(ThreadPoolExecutor.java:624)
	at org.gradle.internal.concurrent.ThreadFactoryImpl$ManagedThreadRunnable.run(ThreadFactoryImpl.java:56)
	at java.lang.Thread.run(Thread.java:748)
</stack-trace>
            </failure>
            <steps/>
            <attachments>
                <attachment title="Page screenshot" source="d6e563342b61b7b53252ca5583d243ae22899f200dbdb1ebb3967e5946541715-attachment.png" type="image/png" size="59503"/>
            </attachments>
            <labels/>
        </test-case>
        <test-case start="1576433988394" stop="1576433992069" status="passed">
            <name>testAddContactInGroup</name>
            <steps/>
            <attachments/>
            <labels/>
        </test-case>
        <test-case start="1576433992110" stop="1576433997938" status="passed">
            <name>testRemoveContactFromGroup</name>
            <steps/>
            <attachments/>
            <labels/>
        </test-case>
    </test-cases>
    <labels/>
</ns2:test-suite>
